Testing...                                                            
                                       
                                     
---------------------------------      
Running test001...            
---------------------------------   
                                     
---------------------------------      
Running test002...            

ERROR: Uninitialized variable y
Last ident: +, last val = 10, current symbol = 11.
---------------------------------   
                                     
---------------------------------      
Running test003...            

ERROR: Undeclared variable a
Last ident: <-, last val = 3, current symbol = 40.
---------------------------------   
                                     
---------------------------------      
Running test004...            

ERROR: Undeclared variable arg
Last ident: <-, last val = 1, current symbol = 40.
---------------------------------   
                                     
---------------------------------      
Running test005...            
---------------------------------   
                                     
---------------------------------      
Running test006...            
---------------------------------   
                                     
---------------------------------      
Running test007...            
---------------------------------   
                                     
---------------------------------      
Running test008...            
---------------------------------   
                                     
---------------------------------      
Running test009...            
---------------------------------   
                                     
---------------------------------      
Running test010...            
---------------------------------   
                                     
---------------------------------      
Running test011...            
---------------------------------   
                                     
---------------------------------      
Running test012...            
---------------------------------   
                                     
---------------------------------      
Running test013...            
---------------------------------   
                                     
---------------------------------      
Running test014...            
---------------------------------   
                                     
---------------------------------      
Running test015...            
---------------------------------   
                                     
---------------------------------      
Running test016...            
---------------------------------   
                                     
---------------------------------      
Running test017...            
---------------------------------   
                                     
---------------------------------      
Running test018...            

ERROR: Uninitialized variable a
Last ident: +, last val = 0, current symbol = 11.
---------------------------------   
                                     
---------------------------------      
Running test019...            

ERROR: Uninitialized variable a
Last ident: ;, last val = 0, current symbol = 70.
---------------------------------   
                                     
---------------------------------      
Running test020...            

ERROR: Undeclared variable a
Last ident: <-, last val = 1, current symbol = 40.
---------------------------------   
                                     
---------------------------------      
Running test021...            
---------------------------------   
                                     
---------------------------------      
Running test022...            
---------------------------------   
                                     
---------------------------------      
Running test023...            
---------------------------------   
                                     
---------------------------------      
Running test024...            
---------------------------------   
                                     
---------------------------------      
Running test025...            

ERROR: Uninitialized variable c
Last ident: ;, last val = 0, current symbol = 70.
---------------------------------   
                                     
---------------------------------      
Running test026...            

ERROR: Undeclared variable a
Last ident: ;, last val = 0, current symbol = 70.
---------------------------------   
                                     
---------------------------------      
Running test027...            

ERROR: Undeclared variable foo
Last ident: ;, last val = 6, current symbol = 70.
---------------------------------   
                                     
---------------------------------      
Running test028...            

ERROR: Uninitialized variable c
Last ident: <, last val = 0, current symbol = 22.
---------------------------------   
                                     
---------------------------------      
Running test029...            

ERROR: Uninitialized variable foo
Last ident: ;, last val = 0, current symbol = 70.
---------------------------------   
                                     
---------------------------------      
Running test030...            
---------------------------------   
                                     
---------------------------------      
Running test031...            

ERROR: Uninitialized variable b
Last ident: >, last val = 0, current symbol = 25.
---------------------------------   
